<?xml version="1.0" encoding="UTF-8"?>
<!-- Generated by org.testng.reporters.JUnitReportReporter -->
<testsuite skipped="0" hostname="DESKTOP-A7L5GQS" name="com.post.delete.put.PutExample" tests="1" failures="0" timestamp="11 Nov 2019 00:09:44 GMT" time="3.320" errors="0">
  <testcase name="test1" time="3.320" classname="com.post.delete.put.PutExample"/>
</testsuite> <!-- com.post.delete.put.PutExample -->
