<?xml version="1.0" encoding="UTF-8"?>
<!-- Generated by org.testng.reporters.JUnitReportReporter -->
<testsuite hostname="DESKTOP-A7L5GQS" failures="0" tests="1" name="com.post.delete.put.PostQQ" time="2.618" errors="0" timestamp="13 Aug 2019 03:06:30 GMT" skipped="0">
  <testcase classname="com.post.delete.put.PostQQ" name="RegistrationSuccessful" time="2.618"/>
</testsuite> <!-- com.post.delete.put.PostQQ -->
