<?xml version="1.0" encoding="UTF-8"?>
<!-- Generated by org.testng.reporters.JUnitReportReporter -->
<testsuite hostname="DESKTOP-A7L5GQS" failures="0" tests="1" name="com.data.validation.BodyNotNull" time="2.672" errors="0" timestamp="17 Aug 2019 17:51:34 GMT" skipped="0">
  <testcase classname="com.data.validation.BodyNotNull" name="dataValidation" time="2.672"/>
</testsuite> <!-- com.data.validation.BodyNotNull -->
