<?xml version="1.0" encoding="UTF-8"?>
<!-- Generated by org.testng.reporters.JUnitReportReporter -->
<testsuite hostname="DESKTOP-A7L5GQS" failures="0" tests="1" name="com.post.delete.put.DeleteExample" time="4.729" errors="0" timestamp="14 Aug 2019 01:22:43 GMT" skipped="0">
  <testcase classname="com.post.delete.put.DeleteExample" name="test1" time="4.729"/>
</testsuite> <!-- com.post.delete.put.DeleteExample -->
