<?xml version="1.0" encoding="UTF-8"?>
<!-- Generated by org.testng.reporters.JUnitReportReporter -->
<testsuite hostname="DESKTOP-A7L5GQS" failures="0" tests="1" name="com.post.delete.put.SimpleGetExample" time="3.440" errors="0" timestamp="15 Aug 2019 01:57:29 GMT" skipped="0">
  <testcase classname="com.post.delete.put.SimpleGetExample" name="test1" time="3.440"/>
</testsuite> <!-- com.post.delete.put.SimpleGetExample -->
