<?xml version="1.0" encoding="UTF-8"?>
<!-- Generated by org.testng.reporters.JUnitReportReporter -->
<testsuite hostname="DESKTOP-A7L5GQS" failures="0" tests="1" name="com.BDD.BDDApproach" time="1.999" errors="0" timestamp="13 Aug 2019 01:36:36 GMT" skipped="0">
  <testcase classname="com.BDD.BDDApproach" name="test1" time="1.999"/>
</testsuite> <!-- com.BDD.BDDApproach -->
