<?xml version="1.0" encoding="UTF-8"?>
<!-- Generated by org.testng.reporters.JUnitReportReporter -->
<testsuite hostname="DESKTOP-A7L5GQS" failures="0" tests="1" name="com.data.validation.BodyContainsAnyString" time="2.953" errors="0" timestamp="17 Aug 2019 07:02:23 GMT" skipped="0">
  <testcase classname="com.data.validation.BodyContainsAnyString" name="dataValidation" time="2.953"/>
</testsuite> <!-- com.data.validation.BodyContainsAnyString -->
