<?xml version="1.0" encoding="UTF-8"?>
<!-- Generated by org.testng.reporters.JUnitReportReporter -->
<testsuite skipped="0" hostname="DESKTOP-A7L5GQS" name="com.testCases.TestNGFrameworkAPI" tests="5" failures="0" timestamp="27 Oct 2019 03:20:38 GMT" time="2.975" errors="0">
  <testcase name="patchTest" time="0.053" classname="com.testCases.TestNGFrameworkAPI"/>
  <testcase name="getTest" time="2.664" classname="com.testCases.TestNGFrameworkAPI"/>
  <testcase name="posttest" time="0.130" classname="com.testCases.TestNGFrameworkAPI"/>
  <testcase name="putTest" time="0.067" classname="com.testCases.TestNGFrameworkAPI"/>
  <testcase name="deleteTest" time="0.061" classname="com.testCases.TestNGFrameworkAPI"/>
</testsuite> <!-- com.testCases.TestNGFrameworkAPI -->
