<?xml version="1.0" encoding="UTF-8"?>
<!-- Generated by org.testng.reporters.JUnitReportReporter -->
<testsuite hostname="DESKTOP-A7L5GQS" failures="0" tests="1" name="com.data.validation.BodyNotNullInJava" time="2.632" errors="0" timestamp="17 Aug 2019 07:04:11 GMT" skipped="0">
  <testcase classname="com.data.validation.BodyNotNullInJava" name="dataValidation" time="2.632"/>
</testsuite> <!-- com.data.validation.BodyNotNullInJava -->
