<?xml version="1.0" encoding="UTF-8"?>
<!-- Generated by org.testng.reporters.JUnitReportReporter -->
<testsuite skipped="0" hostname="DESKTOP-A7L5GQS" name="com.post.delete.put.PostExample" tests="1" failures="0" timestamp="27 Oct 2019 03:22:53 GMT" time="2.699" errors="0">
  <testcase name="test1" time="2.699" classname="com.post.delete.put.PostExample"/>
</testsuite> <!-- com.post.delete.put.PostExample -->
