<?xml version="1.0" encoding="UTF-8"?>
<!-- Generated by org.testng.reporters.JUnitReportReporter -->
<testsuite skipped="0" hostname="DESKTOP-A7L5GQS" name="com.post.delete.put.GetExample" tests="1" failures="0" timestamp="27 Oct 2019 23:10:06 GMT" time="4.249" errors="0">
  <testcase name="test1" time="4.249" classname="com.post.delete.put.GetExample"/>
</testsuite> <!-- com.post.delete.put.GetExample -->
